mode: set
github.com/aerogear/mobile-cli/pkg/cmd/root.go:28.34,39.2 6 1
github.com/aerogear/mobile-cli/pkg/cmd/root.go:42.19,47.45 2 0
github.com/aerogear/mobile-cli/pkg/cmd/root.go:47.45,49.3 1 0
github.com/aerogear/mobile-cli/pkg/cmd/root.go:52.63,54.16 2 0
github.com/aerogear/mobile-cli/pkg/cmd/root.go:57.2,57.15 1 0
github.com/aerogear/mobile-cli/pkg/cmd/root.go:60.2,60.12 1 0
github.com/aerogear/mobile-cli/pkg/cmd/root.go:54.16,56.3 1 0
github.com/aerogear/mobile-cli/pkg/cmd/root.go:57.15,59.3 1 0
github.com/aerogear/mobile-cli/pkg/cmd/root.go:63.61,66.14 3 1
github.com/aerogear/mobile-cli/pkg/cmd/root.go:71.2,71.16 1 1
github.com/aerogear/mobile-cli/pkg/cmd/root.go:66.14,67.55 1 1
github.com/aerogear/mobile-cli/pkg/cmd/root.go:67.55,69.4 1 1
github.com/aerogear/mobile-cli/pkg/cmd/root.go:74.46,77.13 2 0
github.com/aerogear/mobile-cli/pkg/cmd/root.go:80.2,80.10 1 0
github.com/aerogear/mobile-cli/pkg/cmd/root.go:77.13,79.3 1 0
github.com/aerogear/mobile-cli/pkg/cmd/stop.go:21.34,25.55 1 0
github.com/aerogear/mobile-cli/pkg/cmd/stop.go:25.55,26.37 1 0
github.com/aerogear/mobile-cli/pkg/cmd/stop.go:29.4,29.14 1 0
github.com/aerogear/mobile-cli/pkg/cmd/stop.go:26.37,28.5 1 0
github.com/aerogear/mobile-cli/pkg/cmd/clients.go:39.76,41.2 1 0
github.com/aerogear/mobile-cli/pkg/cmd/clients.go:44.54,52.55 1 0
github.com/aerogear/mobile-cli/pkg/cmd/clients.go:68.2,68.109 1 0
github.com/aerogear/mobile-cli/pkg/cmd/clients.go:80.2,80.16 1 0
github.com/aerogear/mobile-cli/pkg/cmd/clients.go:52.55,54.18 2 0
github.com/aerogear/mobile-cli/pkg/cmd/clients.go:57.4,58.18 2 0
github.com/aerogear/mobile-cli/pkg/cmd/clients.go:61.4,62.74 2 0
github.com/aerogear/mobile-cli/pkg/cmd/clients.go:65.4,65.14 1 0
github.com/aerogear/mobile-cli/pkg/cmd/clients.go:54.18,56.5 1 0
github.com/aerogear/mobile-cli/pkg/cmd/clients.go:58.18,60.5 1 0
github.com/aerogear/mobile-cli/pkg/cmd/clients.go:62.74,64.5 1 0
github.com/aerogear/mobile-cli/pkg/cmd/clients.go:68.109,71.42 3 0
github.com/aerogear/mobile-cli/pkg/cmd/clients.go:74.3,78.13 5 0
github.com/aerogear/mobile-cli/pkg/cmd/clients.go:71.42,73.4 1 0
github.com/aerogear/mobile-cli/pkg/cmd/clients.go:84.52,93.55 1 0
github.com/aerogear/mobile-cli/pkg/cmd/clients.go:113.2,113.98 1 0
github.com/aerogear/mobile-cli/pkg/cmd/clients.go:123.2,123.16 1 0
github.com/aerogear/mobile-cli/pkg/cmd/clients.go:93.55,94.22 1 0
github.com/aerogear/mobile-cli/pkg/cmd/clients.go:97.4,99.18 3 0
github.com/aerogear/mobile-cli/pkg/cmd/clients.go:102.4,103.18 2 0
github.com/aerogear/mobile-cli/pkg/cmd/clients.go:106.4,107.69 2 0
github.com/aerogear/mobile-cli/pkg/cmd/clients.go:110.4,110.14 1 0
github.com/aerogear/mobile-cli/pkg/cmd/clients.go:94.22,96.5 1 0
github.com/aerogear/mobile-cli/pkg/cmd/clients.go:99.18,101.5 1 0
github.com/aerogear/mobile-cli/pkg/cmd/clients.go:103.18,105.5 1 0
github.com/aerogear/mobile-cli/pkg/cmd/clients.go:107.69,109.5 1 0
github.com/aerogear/mobile-cli/pkg/cmd/clients.go:113.98,122.3 8 0
github.com/aerogear/mobile-cli/pkg/cmd/clients.go:127.55,141.55 1 0
github.com/aerogear/mobile-cli/pkg/cmd/clients.go:191.2,191.106 1 0
github.com/aerogear/mobile-cli/pkg/cmd/clients.go:202.2,202.12 1 0
github.com/aerogear/mobile-cli/pkg/cmd/clients.go:141.55,142.22 1 0
github.com/aerogear/mobile-cli/pkg/cmd/clients.go:145.4,151.18 6 0
github.com/aerogear/mobile-cli/pkg/cmd/clients.go:154.4,164.31 2 0
github.com/aerogear/mobile-cli/pkg/cmd/clients.go:175.4,176.58 2 0
github.com/aerogear/mobile-cli/pkg/cmd/clients.go:179.4,180.18 2 0
github.com/aerogear/mobile-cli/pkg/cmd/clients.go:183.4,184.85 2 0
github.com/aerogear/mobile-cli/pkg/cmd/clients.go:187.4,187.14 1 0
github.com/aerogear/mobile-cli/pkg/cmd/clients.go:142.22,144.5 1 0
github.com/aerogear/mobile-cli/pkg/cmd/clients.go:151.18,153.5 1 0
github.com/aerogear/mobile-cli/pkg/cmd/clients.go:165.19,167.10 2 0
github.com/aerogear/mobile-cli/pkg/cmd/clients.go:168.15,170.10 2 0
github.com/aerogear/mobile-cli/pkg/cmd/clients.go:171.19,173.10 2 0
github.com/aerogear/mobile-cli/pkg/cmd/clients.go:176.58,178.5 1 0
github.com/aerogear/mobile-cli/pkg/cmd/clients.go:180.18,182.5 1 0
github.com/aerogear/mobile-cli/pkg/cmd/clients.go:184.85,186.5 1 0
github.com/aerogear/mobile-cli/pkg/cmd/clients.go:191.106,200.3 8 0
github.com/aerogear/mobile-cli/pkg/cmd/clients.go:206.55,215.55 1 0
github.com/aerogear/mobile-cli/pkg/cmd/clients.go:236.2,236.16 1 0
github.com/aerogear/mobile-cli/pkg/cmd/clients.go:215.55,219.22 3 0
github.com/aerogear/mobile-cli/pkg/cmd/clients.go:222.4,225.18 3 0
github.com/aerogear/mobile-cli/pkg/cmd/clients.go:229.4,230.18 2 0
github.com/aerogear/mobile-cli/pkg/cmd/clients.go:233.4,233.14 1 0
github.com/aerogear/mobile-cli/pkg/cmd/clients.go:219.22,221.5 1 0
github.com/aerogear/mobile-cli/pkg/cmd/clients.go:225.18,227.5 1 0
github.com/aerogear/mobile-cli/pkg/cmd/clients.go:230.18,232.5 1 0
github.com/aerogear/mobile-cli/pkg/cmd/create.go:21.40,26.55 1 0
github.com/aerogear/mobile-cli/pkg/cmd/create.go:26.55,27.37 1 0
github.com/aerogear/mobile-cli/pkg/cmd/create.go:30.4,30.14 1 0
github.com/aerogear/mobile-cli/pkg/cmd/create.go:27.37,29.5 1 0
github.com/aerogear/mobile-cli/pkg/cmd/create.go:35.13,37.2 0 1
github.com/aerogear/mobile-cli/pkg/cmd/integration.go:45.109,47.2 1 1
github.com/aerogear/mobile-cli/pkg/cmd/integration.go:49.159,51.16 2 0
github.com/aerogear/mobile-cli/pkg/cmd/integration.go:54.2,65.15 2 0
github.com/aerogear/mobile-cli/pkg/cmd/integration.go:51.16,53.3 1 0
github.com/aerogear/mobile-cli/pkg/cmd/integration.go:68.99,103.2 2 0
github.com/aerogear/mobile-cli/pkg/cmd/integration.go:105.65,117.55 1 0
github.com/aerogear/mobile-cli/pkg/cmd/integration.go:218.2,220.12 3 0
github.com/aerogear/mobile-cli/pkg/cmd/integration.go:117.55,118.22 1 0
github.com/aerogear/mobile-cli/pkg/cmd/integration.go:121.4,122.18 2 0
github.com/aerogear/mobile-cli/pkg/cmd/integration.go:125.4,126.18 2 0
github.com/aerogear/mobile-cli/pkg/cmd/integration.go:129.4,132.18 4 0
github.com/aerogear/mobile-cli/pkg/cmd/integration.go:135.4,136.18 2 0
github.com/aerogear/mobile-cli/pkg/cmd/integration.go:139.4,145.97 6 0
github.com/aerogear/mobile-cli/pkg/cmd/integration.go:149.4,150.18 2 0
github.com/aerogear/mobile-cli/pkg/cmd/integration.go:153.4,154.18 2 0
github.com/aerogear/mobile-cli/pkg/cmd/integration.go:159.4,160.18 2 0
github.com/aerogear/mobile-cli/pkg/cmd/integration.go:163.4,164.18 2 0
github.com/aerogear/mobile-cli/pkg/cmd/integration.go:167.4,167.27 1 0
github.com/aerogear/mobile-cli/pkg/cmd/integration.go:171.4,172.18 2 0
github.com/aerogear/mobile-cli/pkg/cmd/integration.go:175.4,175.34 1 0
github.com/aerogear/mobile-cli/pkg/cmd/integration.go:202.4,202.16 1 0
github.com/aerogear/mobile-cli/pkg/cmd/integration.go:215.4,215.14 1 0
github.com/aerogear/mobile-cli/pkg/cmd/integration.go:118.22,120.5 1 0
github.com/aerogear/mobile-cli/pkg/cmd/integration.go:122.18,124.5 1 0
github.com/aerogear/mobile-cli/pkg/cmd/integration.go:126.18,128.5 1 0
github.com/aerogear/mobile-cli/pkg/cmd/integration.go:132.18,134.5 1 0
github.com/aerogear/mobile-cli/pkg/cmd/integration.go:136.18,138.5 1 0
github.com/aerogear/mobile-cli/pkg/cmd/integration.go:145.97,147.5 1 0
github.com/aerogear/mobile-cli/pkg/cmd/integration.go:150.18,152.5 1 0
github.com/aerogear/mobile-cli/pkg/cmd/integration.go:154.18,156.5 1 0
github.com/aerogear/mobile-cli/pkg/cmd/integration.go:160.18,162.5 1 0
github.com/aerogear/mobile-cli/pkg/cmd/integration.go:164.18,166.5 1 0
github.com/aerogear/mobile-cli/pkg/cmd/integration.go:167.27,170.5 2 0
github.com/aerogear/mobile-cli/pkg/cmd/integration.go:172.18,174.5 1 0
github.com/aerogear/mobile-cli/pkg/cmd/integration.go:175.34,177.26 2 0
github.com/aerogear/mobile-cli/pkg/cmd/integration.go:180.5,180.19 1 0
github.com/aerogear/mobile-cli/pkg/cmd/integration.go:177.26,178.14 1 0
github.com/aerogear/mobile-cli/pkg/cmd/integration.go:181.22,183.83 2 0
github.com/aerogear/mobile-cli/pkg/cmd/integration.go:184.25,185.44 1 0
github.com/aerogear/mobile-cli/pkg/cmd/integration.go:197.24,198.14 1 0
github.com/aerogear/mobile-cli/pkg/cmd/integration.go:185.44,186.17 1 0
github.com/aerogear/mobile-cli/pkg/cmd/integration.go:189.7,189.50 1 0
github.com/aerogear/mobile-cli/pkg/cmd/integration.go:192.7,192.29 1 0
github.com/aerogear/mobile-cli/pkg/cmd/integration.go:186.17,188.8 1 0
github.com/aerogear/mobile-cli/pkg/cmd/integration.go:189.50,191.8 1 0
github.com/aerogear/mobile-cli/pkg/cmd/integration.go:192.29,195.8 2 0
github.com/aerogear/mobile-cli/pkg/cmd/integration.go:202.16,206.19 2 0
github.com/aerogear/mobile-cli/pkg/cmd/integration.go:209.5,210.91 2 0
github.com/aerogear/mobile-cli/pkg/cmd/integration.go:206.19,208.6 1 0
github.com/aerogear/mobile-cli/pkg/cmd/integration.go:210.91,212.6 1 0
github.com/aerogear/mobile-cli/pkg/cmd/integration.go:223.51,225.2 1 1
github.com/aerogear/mobile-cli/pkg/cmd/integration.go:227.65,235.55 1 1
github.com/aerogear/mobile-cli/pkg/cmd/integration.go:340.2,342.12 3 1
github.com/aerogear/mobile-cli/pkg/cmd/integration.go:235.55,236.22 1 1
github.com/aerogear/mobile-cli/pkg/cmd/integration.go:239.4,240.18 2 1
github.com/aerogear/mobile-cli/pkg/cmd/integration.go:243.4,244.18 2 1
github.com/aerogear/mobile-cli/pkg/cmd/integration.go:247.4,251.18 4 1
github.com/aerogear/mobile-cli/pkg/cmd/integration.go:254.4,255.18 2 1
github.com/aerogear/mobile-cli/pkg/cmd/integration.go:258.4,261.126 4 1
github.com/aerogear/mobile-cli/pkg/cmd/integration.go:264.4,264.136 1 1
github.com/aerogear/mobile-cli/pkg/cmd/integration.go:267.4,268.18 2 1
github.com/aerogear/mobile-cli/pkg/cmd/integration.go:271.4,272.18 2 1
github.com/aerogear/mobile-cli/pkg/cmd/integration.go:275.4,275.37 1 1
github.com/aerogear/mobile-cli/pkg/cmd/integration.go:280.4,281.18 2 1
github.com/aerogear/mobile-cli/pkg/cmd/integration.go:284.4,284.34 1 1
github.com/aerogear/mobile-cli/pkg/cmd/integration.go:312.4,312.14 1 1
github.com/aerogear/mobile-cli/pkg/cmd/integration.go:316.4,316.16 1 1
github.com/aerogear/mobile-cli/pkg/cmd/integration.go:329.4,330.18 2 1
github.com/aerogear/mobile-cli/pkg/cmd/integration.go:333.4,334.90 2 1
github.com/aerogear/mobile-cli/pkg/cmd/integration.go:337.4,337.14 1 1
github.com/aerogear/mobile-cli/pkg/cmd/integration.go:236.22,238.5 1 1
github.com/aerogear/mobile-cli/pkg/cmd/integration.go:240.18,242.5 1 0
github.com/aerogear/mobile-cli/pkg/cmd/integration.go:244.18,246.5 1 1
github.com/aerogear/mobile-cli/pkg/cmd/integration.go:251.18,253.5 1 0
github.com/aerogear/mobile-cli/pkg/cmd/integration.go:255.18,257.5 1 0
github.com/aerogear/mobile-cli/pkg/cmd/integration.go:261.126,263.5 1 0
github.com/aerogear/mobile-cli/pkg/cmd/integration.go:264.136,266.5 1 0
github.com/aerogear/mobile-cli/pkg/cmd/integration.go:268.18,270.5 1 0
github.com/aerogear/mobile-cli/pkg/cmd/integration.go:272.18,274.5 1 0
github.com/aerogear/mobile-cli/pkg/cmd/integration.go:275.37,278.5 2 0
github.com/aerogear/mobile-cli/pkg/cmd/integration.go:281.18,283.5 1 0
github.com/aerogear/mobile-cli/pkg/cmd/integration.go:284.34,287.29 3 1
github.com/aerogear/mobile-cli/pkg/cmd/integration.go:290.5,290.19 1 1
github.com/aerogear/mobile-cli/pkg/cmd/integration.go:287.29,288.14 1 0
github.com/aerogear/mobile-cli/pkg/cmd/integration.go:291.22,293.83 2 0
github.com/aerogear/mobile-cli/pkg/cmd/integration.go:294.25,295.44 1 1
github.com/aerogear/mobile-cli/pkg/cmd/integration.go:307.24,308.14 1 0
github.com/aerogear/mobile-cli/pkg/cmd/integration.go:295.44,296.17 1 1
github.com/aerogear/mobile-cli/pkg/cmd/integration.go:299.7,299.50 1 1
github.com/aerogear/mobile-cli/pkg/cmd/integration.go:302.7,302.29 1 1
github.com/aerogear/mobile-cli/pkg/cmd/integration.go:296.17,298.8 1 1
github.com/aerogear/mobile-cli/pkg/cmd/integration.go:299.50,301.8 1 1
github.com/aerogear/mobile-cli/pkg/cmd/integration.go:302.29,305.8 2 0
github.com/aerogear/mobile-cli/pkg/cmd/integration.go:312.14,314.5 1 1
github.com/aerogear/mobile-cli/pkg/cmd/integration.go:316.16,319.19 2 1
github.com/aerogear/mobile-cli/pkg/cmd/integration.go:322.5,323.91 2 1
github.com/aerogear/mobile-cli/pkg/cmd/integration.go:319.19,321.6 1 1
github.com/aerogear/mobile-cli/pkg/cmd/integration.go:323.91,325.6 1 1
github.com/aerogear/mobile-cli/pkg/cmd/integration.go:330.18,332.5 1 0
github.com/aerogear/mobile-cli/pkg/cmd/integration.go:334.90,336.5 1 0
github.com/aerogear/mobile-cli/pkg/cmd/integration.go:345.62,349.55 1 0
github.com/aerogear/mobile-cli/pkg/cmd/integration.go:353.2,353.12 1 0
github.com/aerogear/mobile-cli/pkg/cmd/integration.go:349.55,351.4 1 0
github.com/aerogear/mobile-cli/pkg/cmd/integration.go:356.64,360.55 1 0
github.com/aerogear/mobile-cli/pkg/cmd/integration.go:377.2,377.97 1 0
github.com/aerogear/mobile-cli/pkg/cmd/integration.go:390.2,390.12 1 0
github.com/aerogear/mobile-cli/pkg/cmd/integration.go:360.55,363.18 2 0
github.com/aerogear/mobile-cli/pkg/cmd/integration.go:366.4,367.18 2 0
github.com/aerogear/mobile-cli/pkg/cmd/integration.go:370.4,371.76 2 0
github.com/aerogear/mobile-cli/pkg/cmd/integration.go:374.4,374.14 1 0
github.com/aerogear/mobile-cli/pkg/cmd/integration.go:363.18,365.5 1 0
github.com/aerogear/mobile-cli/pkg/cmd/integration.go:367.18,369.5 1 0
github.com/aerogear/mobile-cli/pkg/cmd/integration.go:371.76,373.5 1 0
github.com/aerogear/mobile-cli/pkg/cmd/integration.go:377.97,380.39 3 0
github.com/aerogear/mobile-cli/pkg/cmd/integration.go:383.3,387.13 5 0
github.com/aerogear/mobile-cli/pkg/cmd/integration.go:380.39,382.4 1 0
github.com/aerogear/mobile-cli/pkg/cmd/integration.go:394.73,401.32 3 0
github.com/aerogear/mobile-cli/pkg/cmd/integration.go:404.2,404.40 1 0
github.com/aerogear/mobile-cli/pkg/cmd/integration.go:415.2,415.10 1 0
github.com/aerogear/mobile-cli/pkg/cmd/integration.go:401.32,403.3 1 0
github.com/aerogear/mobile-cli/pkg/cmd/integration.go:404.40,412.3 7 0
github.com/aerogear/mobile-cli/pkg/cmd/integration.go:412.3,412.45 1 0
github.com/aerogear/mobile-cli/pkg/cmd/integration.go:412.45,414.3 1 0
github.com/aerogear/mobile-cli/pkg/cmd/start.go:21.35,25.55 1 0
github.com/aerogear/mobile-cli/pkg/cmd/start.go:25.55,26.37 1 0
github.com/aerogear/mobile-cli/pkg/cmd/start.go:29.4,29.14 1 0
github.com/aerogear/mobile-cli/pkg/cmd/start.go:26.37,28.5 1 0
github.com/aerogear/mobile-cli/pkg/cmd/types.go:101.52,102.22 1 0
github.com/aerogear/mobile-cli/pkg/cmd/types.go:107.2,107.14 1 0
github.com/aerogear/mobile-cli/pkg/cmd/types.go:102.22,103.17 1 0
github.com/aerogear/mobile-cli/pkg/cmd/types.go:103.17,105.4 1 0
github.com/aerogear/mobile-cli/pkg/cmd/types.go:113.79,116.29 3 0
github.com/aerogear/mobile-cli/pkg/cmd/types.go:121.2,121.22 1 0
github.com/aerogear/mobile-cli/pkg/cmd/types.go:124.2,130.8 1 0
github.com/aerogear/mobile-cli/pkg/cmd/types.go:116.29,117.34 1 0
github.com/aerogear/mobile-cli/pkg/cmd/types.go:117.34,119.4 1 0
github.com/aerogear/mobile-cli/pkg/cmd/types.go:121.22,123.3 1 0
github.com/aerogear/mobile-cli/pkg/cmd/types.go:136.80,140.16 4 0
github.com/aerogear/mobile-cli/pkg/cmd/types.go:143.2,143.22 1 0
github.com/aerogear/mobile-cli/pkg/cmd/types.go:146.2,152.8 1 0
github.com/aerogear/mobile-cli/pkg/cmd/types.go:140.16,142.3 1 0
github.com/aerogear/mobile-cli/pkg/cmd/types.go:143.22,145.3 1 0
github.com/aerogear/mobile-cli/pkg/cmd/types.go:158.76,167.54 6 0
github.com/aerogear/mobile-cli/pkg/cmd/types.go:172.2,172.22 1 0
github.com/aerogear/mobile-cli/pkg/cmd/types.go:176.2,182.8 1 0
github.com/aerogear/mobile-cli/pkg/cmd/types.go:167.54,171.3 3 0
github.com/aerogear/mobile-cli/pkg/cmd/types.go:172.22,174.3 1 0
github.com/aerogear/mobile-cli/pkg/cmd/types.go:201.51,203.2 1 0
github.com/aerogear/mobile-cli/pkg/cmd/types.go:206.75,208.2 1 0
github.com/aerogear/mobile-cli/pkg/cmd/types.go:211.52,214.2 2 0
github.com/aerogear/mobile-cli/pkg/cmd/clientBuild.go:21.44,23.2 1 0
github.com/aerogear/mobile-cli/pkg/cmd/clientBuild.go:25.65,29.55 1 0
github.com/aerogear/mobile-cli/pkg/cmd/clientBuild.go:33.2,33.12 1 0
github.com/aerogear/mobile-cli/pkg/cmd/clientBuild.go:29.55,31.4 1 0
github.com/aerogear/mobile-cli/pkg/cmd/clientBuild.go:36.66,40.55 1 0
github.com/aerogear/mobile-cli/pkg/cmd/clientBuild.go:44.2,44.12 1 0
github.com/aerogear/mobile-cli/pkg/cmd/clientBuild.go:40.55,42.4 1 0
github.com/aerogear/mobile-cli/pkg/cmd/clientBuild.go:47.68,51.55 1 0
github.com/aerogear/mobile-cli/pkg/cmd/clientBuild.go:55.2,55.12 1 0
github.com/aerogear/mobile-cli/pkg/cmd/clientBuild.go:51.55,53.4 1 0
github.com/aerogear/mobile-cli/pkg/cmd/clientBuild.go:58.68,62.55 1 0
github.com/aerogear/mobile-cli/pkg/cmd/clientBuild.go:66.2,66.12 1 0
github.com/aerogear/mobile-cli/pkg/cmd/clientBuild.go:62.55,64.4 1 0
github.com/aerogear/mobile-cli/pkg/cmd/clientBuild.go:69.66,73.55 1 0
github.com/aerogear/mobile-cli/pkg/cmd/clientBuild.go:77.2,77.12 1 0
github.com/aerogear/mobile-cli/pkg/cmd/clientBuild.go:73.55,75.4 1 0
github.com/aerogear/mobile-cli/pkg/cmd/clientBuild.go:80.67,84.55 1 0
github.com/aerogear/mobile-cli/pkg/cmd/clientBuild.go:88.2,88.12 1 0
github.com/aerogear/mobile-cli/pkg/cmd/clientBuild.go:84.55,86.4 1 0
github.com/aerogear/mobile-cli/pkg/cmd/get.go:21.37,25.55 1 0
github.com/aerogear/mobile-cli/pkg/cmd/get.go:25.55,26.37 1 0
github.com/aerogear/mobile-cli/pkg/cmd/get.go:29.4,29.14 1 0
github.com/aerogear/mobile-cli/pkg/cmd/get.go:26.37,28.5 1 0
github.com/aerogear/mobile-cli/pkg/cmd/serviceConfig.go:54.72,56.16 2 0
github.com/aerogear/mobile-cli/pkg/cmd/serviceConfig.go:59.2,60.34 2 0
github.com/aerogear/mobile-cli/pkg/cmd/serviceConfig.go:63.2,63.12 1 0
github.com/aerogear/mobile-cli/pkg/cmd/serviceConfig.go:56.16,58.3 1 0
github.com/aerogear/mobile-cli/pkg/cmd/serviceConfig.go:60.34,62.3 1 0
github.com/aerogear/mobile-cli/pkg/cmd/serviceConfig.go:66.81,68.16 2 0
github.com/aerogear/mobile-cli/pkg/cmd/serviceConfig.go:71.2,71.46 1 0
github.com/aerogear/mobile-cli/pkg/cmd/serviceConfig.go:68.16,70.3 1 0
github.com/aerogear/mobile-cli/pkg/cmd/serviceConfig.go:78.79,82.2 1 0
github.com/aerogear/mobile-cli/pkg/cmd/serviceConfig.go:84.68,88.55 1 0
github.com/aerogear/mobile-cli/pkg/cmd/serviceConfig.go:88.55,90.18 2 0
github.com/aerogear/mobile-cli/pkg/cmd/serviceConfig.go:93.4,95.26 3 0
github.com/aerogear/mobile-cli/pkg/cmd/serviceConfig.go:112.4,112.42 1 0
github.com/aerogear/mobile-cli/pkg/cmd/serviceConfig.go:115.4,115.14 1 0
github.com/aerogear/mobile-cli/pkg/cmd/serviceConfig.go:90.18,92.5 1 0
github.com/aerogear/mobile-cli/pkg/cmd/serviceConfig.go:95.26,98.28 2 0
github.com/aerogear/mobile-cli/pkg/cmd/serviceConfig.go:98.28,99.27 1 0
github.com/aerogear/mobile-cli/pkg/cmd/serviceConfig.go:102.6,102.23 1 0
github.com/aerogear/mobile-cli/pkg/cmd/serviceConfig.go:99.27,101.7 1 0
github.com/aerogear/mobile-cli/pkg/cmd/serviceConfig.go:112.42,114.5 1 0
github.com/aerogear/mobile-cli/pkg/cmd/serviceConfig.go:120.67,124.55 1 0
github.com/aerogear/mobile-cli/pkg/cmd/serviceConfig.go:124.55,125.22 1 0
github.com/aerogear/mobile-cli/pkg/cmd/serviceConfig.go:128.4,129.25 2 0
github.com/aerogear/mobile-cli/pkg/cmd/serviceConfig.go:132.4,133.18 2 0
github.com/aerogear/mobile-cli/pkg/cmd/serviceConfig.go:136.4,139.31 4 0
github.com/aerogear/mobile-cli/pkg/cmd/serviceConfig.go:157.4,165.42 2 0
github.com/aerogear/mobile-cli/pkg/cmd/serviceConfig.go:168.4,168.14 1 0
github.com/aerogear/mobile-cli/pkg/cmd/serviceConfig.go:125.22,127.5 1 0
github.com/aerogear/mobile-cli/pkg/cmd/serviceConfig.go:129.25,131.5 1 0
github.com/aerogear/mobile-cli/pkg/cmd/serviceConfig.go:133.18,135.5 1 0
github.com/aerogear/mobile-cli/pkg/cmd/serviceConfig.go:139.31,141.36 2 0
github.com/aerogear/mobile-cli/pkg/cmd/serviceConfig.go:141.36,143.23 2 0
github.com/aerogear/mobile-cli/pkg/cmd/serviceConfig.go:143.23,154.7 3 0
github.com/aerogear/mobile-cli/pkg/cmd/serviceConfig.go:165.42,167.5 1 0
github.com/aerogear/mobile-cli/pkg/cmd/serviceConfig.go:173.70,177.55 1 0
github.com/aerogear/mobile-cli/pkg/cmd/serviceConfig.go:181.2,181.12 1 0
github.com/aerogear/mobile-cli/pkg/cmd/serviceConfig.go:177.55,179.4 1 0
github.com/aerogear/mobile-cli/pkg/cmd/serviceConfig.go:184.70,188.55 1 0
github.com/aerogear/mobile-cli/pkg/cmd/serviceConfig.go:192.2,192.12 1 0
github.com/aerogear/mobile-cli/pkg/cmd/serviceConfig.go:188.55,190.4 1 0
github.com/aerogear/mobile-cli/pkg/cmd/services.go:49.110,51.2 1 0
github.com/aerogear/mobile-cli/pkg/cmd/services.go:53.57,61.55 1 0
github.com/aerogear/mobile-cli/pkg/cmd/services.go:93.2,93.106 1 0
github.com/aerogear/mobile-cli/pkg/cmd/services.go:135.2,136.12 2 0
github.com/aerogear/mobile-cli/pkg/cmd/services.go:61.55,63.18 2 0
github.com/aerogear/mobile-cli/pkg/cmd/services.go:66.4,68.18 3 0
github.com/aerogear/mobile-cli/pkg/cmd/services.go:71.4,71.21 1 0
github.com/aerogear/mobile-cli/pkg/cmd/services.go:74.4,74.12 1 0
github.com/aerogear/mobile-cli/pkg/cmd/services.go:85.4,85.79 1 0
github.com/aerogear/mobile-cli/pkg/cmd/services.go:88.4,88.14 1 0
github.com/aerogear/mobile-cli/pkg/cmd/services.go:63.18,65.5 1 0
github.com/aerogear/mobile-cli/pkg/cmd/services.go:68.18,70.5 1 0
github.com/aerogear/mobile-cli/pkg/cmd/services.go:71.21,73.5 1 0
github.com/aerogear/mobile-cli/pkg/cmd/services.go:74.12,76.39 2 0
github.com/aerogear/mobile-cli/pkg/cmd/services.go:83.5,83.22 1 0
github.com/aerogear/mobile-cli/pkg/cmd/services.go:76.39,77.41 1 0
github.com/aerogear/mobile-cli/pkg/cmd/services.go:77.41,78.34 1 0
github.com/aerogear/mobile-cli/pkg/cmd/services.go:78.34,80.8 1 0
github.com/aerogear/mobile-cli/pkg/cmd/services.go:85.79,87.5 1 0
github.com/aerogear/mobile-cli/pkg/cmd/services.go:93.106,96.34 3 0
github.com/aerogear/mobile-cli/pkg/cmd/services.go:129.3,133.13 5 0
github.com/aerogear/mobile-cli/pkg/cmd/services.go:96.34,99.68 3 0
github.com/aerogear/mobile-cli/pkg/cmd/services.go:102.4,106.18 4 0
github.com/aerogear/mobile-cli/pkg/cmd/services.go:110.4,111.116 2 0
github.com/aerogear/mobile-cli/pkg/cmd/services.go:114.4,115.37 2 0
github.com/aerogear/mobile-cli/pkg/cmd/services.go:119.4,120.60 2 0
github.com/aerogear/mobile-cli/pkg/cmd/services.go:123.4,123.61 1 0
github.com/aerogear/mobile-cli/pkg/cmd/services.go:127.4,127.95 1 0
github.com/aerogear/mobile-cli/pkg/cmd/services.go:99.68,101.5 1 0
github.com/aerogear/mobile-cli/pkg/cmd/services.go:106.18,108.5 1 0
github.com/aerogear/mobile-cli/pkg/cmd/services.go:111.116,113.5 1 0
github.com/aerogear/mobile-cli/pkg/cmd/services.go:115.37,117.5 1 0
github.com/aerogear/mobile-cli/pkg/cmd/services.go:120.60,122.5 1 0
github.com/aerogear/mobile-cli/pkg/cmd/services.go:123.61,125.5 1 0
github.com/aerogear/mobile-cli/pkg/cmd/services.go:139.110,141.16 2 0
github.com/aerogear/mobile-cli/pkg/cmd/services.go:144.2,144.61 1 0
github.com/aerogear/mobile-cli/pkg/cmd/services.go:148.2,148.44 1 0
github.com/aerogear/mobile-cli/pkg/cmd/services.go:158.2,158.74 1 0
github.com/aerogear/mobile-cli/pkg/cmd/services.go:141.16,143.3 1 0
github.com/aerogear/mobile-cli/pkg/cmd/services.go:144.61,146.3 1 0
github.com/aerogear/mobile-cli/pkg/cmd/services.go:148.44,151.59 3 0
github.com/aerogear/mobile-cli/pkg/cmd/services.go:154.3,154.34 1 0
github.com/aerogear/mobile-cli/pkg/cmd/services.go:151.59,153.4 1 0
github.com/aerogear/mobile-cli/pkg/cmd/services.go:154.34,156.4 1 0
github.com/aerogear/mobile-cli/pkg/cmd/services.go:161.138,163.16 2 0
github.com/aerogear/mobile-cli/pkg/cmd/services.go:166.2,166.35 1 0
github.com/aerogear/mobile-cli/pkg/cmd/services.go:172.2,172.107 1 0
github.com/aerogear/mobile-cli/pkg/cmd/services.go:163.16,165.3 1 0
github.com/aerogear/mobile-cli/pkg/cmd/services.go:166.35,167.102 1 0
github.com/aerogear/mobile-cli/pkg/cmd/services.go:167.102,169.4 1 0
github.com/aerogear/mobile-cli/pkg/cmd/services.go:175.70,176.40 1 0
github.com/aerogear/mobile-cli/pkg/cmd/services.go:181.2,181.14 1 0
github.com/aerogear/mobile-cli/pkg/cmd/services.go:176.40,177.15 1 0
github.com/aerogear/mobile-cli/pkg/cmd/services.go:177.15,179.4 1 0
github.com/aerogear/mobile-cli/pkg/cmd/services.go:184.63,186.28 2 0
github.com/aerogear/mobile-cli/pkg/cmd/services.go:193.2,193.20 1 0
github.com/aerogear/mobile-cli/pkg/cmd/services.go:186.28,188.19 2 0
github.com/aerogear/mobile-cli/pkg/cmd/services.go:191.3,191.43 1 0
github.com/aerogear/mobile-cli/pkg/cmd/services.go:188.19,190.4 1 0
github.com/aerogear/mobile-cli/pkg/cmd/services.go:203.66,212.55 1 0
github.com/aerogear/mobile-cli/pkg/cmd/services.go:396.2,398.12 3 0
github.com/aerogear/mobile-cli/pkg/cmd/services.go:212.55,213.22 1 0
github.com/aerogear/mobile-cli/pkg/cmd/services.go:217.4,220.18 3 0
github.com/aerogear/mobile-cli/pkg/cmd/services.go:224.4,225.18 2 0
github.com/aerogear/mobile-cli/pkg/cmd/services.go:228.4,229.18 2 0
github.com/aerogear/mobile-cli/pkg/cmd/services.go:233.4,234.18 2 0
github.com/aerogear/mobile-cli/pkg/cmd/services.go:237.4,238.18 2 0
github.com/aerogear/mobile-cli/pkg/cmd/services.go:241.4,242.119 2 0
github.com/aerogear/mobile-cli/pkg/cmd/services.go:246.4,246.29 1 0
github.com/aerogear/mobile-cli/pkg/cmd/services.go:296.4,299.68 4 0
github.com/aerogear/mobile-cli/pkg/cmd/services.go:303.4,332.98 2 0
github.com/aerogear/mobile-cli/pkg/cmd/services.go:335.4,344.44 5 0
github.com/aerogear/mobile-cli/pkg/cmd/services.go:349.4,350.18 2 0
github.com/aerogear/mobile-cli/pkg/cmd/services.go:353.4,354.79 2 0
github.com/aerogear/mobile-cli/pkg/cmd/services.go:358.4,359.18 2 0
github.com/aerogear/mobile-cli/pkg/cmd/services.go:362.4,362.14 1 0
github.com/aerogear/mobile-cli/pkg/cmd/services.go:365.4,366.18 2 0
github.com/aerogear/mobile-cli/pkg/cmd/services.go:369.4,369.34 1 0
github.com/aerogear/mobile-cli/pkg/cmd/services.go:393.4,393.14 1 0
github.com/aerogear/mobile-cli/pkg/cmd/services.go:213.22,215.5 1 0
github.com/aerogear/mobile-cli/pkg/cmd/services.go:220.18,222.5 1 0
github.com/aerogear/mobile-cli/pkg/cmd/services.go:225.18,227.5 1 0
github.com/aerogear/mobile-cli/pkg/cmd/services.go:229.18,231.5 1 0
github.com/aerogear/mobile-cli/pkg/cmd/services.go:234.18,236.5 1 0
github.com/aerogear/mobile-cli/pkg/cmd/services.go:238.18,240.5 1 0
github.com/aerogear/mobile-cli/pkg/cmd/services.go:242.119,244.5 1 0
github.com/aerogear/mobile-cli/pkg/cmd/services.go:246.29,247.45 1 0
github.com/aerogear/mobile-cli/pkg/cmd/services.go:247.45,249.122 2 0
github.com/aerogear/mobile-cli/pkg/cmd/services.go:257.6,258.34 2 0
github.com/aerogear/mobile-cli/pkg/cmd/services.go:249.122,250.28 1 0
github.com/aerogear/mobile-cli/pkg/cmd/services.go:255.7,255.73 1 0
github.com/aerogear/mobile-cli/pkg/cmd/services.go:250.28,253.16 2 0
github.com/aerogear/mobile-cli/pkg/cmd/services.go:260.5,262.45 2 0
github.com/aerogear/mobile-cli/pkg/cmd/services.go:262.45,265.30 3 0
github.com/aerogear/mobile-cli/pkg/cmd/services.go:290.6,292.56 3 0
github.com/aerogear/mobile-cli/pkg/cmd/services.go:265.30,267.30 2 0
github.com/aerogear/mobile-cli/pkg/cmd/services.go:272.7,276.23 3 0
github.com/aerogear/mobile-cli/pkg/cmd/services.go:279.7,279.66 1 0
github.com/aerogear/mobile-cli/pkg/cmd/services.go:283.7,283.77 1 0
github.com/aerogear/mobile-cli/pkg/cmd/services.go:286.7,286.30 1 0
github.com/aerogear/mobile-cli/pkg/cmd/services.go:267.30,269.8 1 0
github.com/aerogear/mobile-cli/pkg/cmd/services.go:269.8,271.8 1 0
github.com/aerogear/mobile-cli/pkg/cmd/services.go:276.23,278.8 1 0
github.com/aerogear/mobile-cli/pkg/cmd/services.go:279.66,282.8 2 0
github.com/aerogear/mobile-cli/pkg/cmd/services.go:283.77,285.8 1 0
github.com/aerogear/mobile-cli/pkg/cmd/services.go:286.30,288.8 1 0
github.com/aerogear/mobile-cli/pkg/cmd/services.go:299.68,301.5 1 0
github.com/aerogear/mobile-cli/pkg/cmd/services.go:332.98,334.5 1 0
github.com/aerogear/mobile-cli/pkg/cmd/services.go:344.44,345.44 1 0
github.com/aerogear/mobile-cli/pkg/cmd/services.go:345.44,347.6 1 0
github.com/aerogear/mobile-cli/pkg/cmd/services.go:350.18,352.5 1 0
github.com/aerogear/mobile-cli/pkg/cmd/services.go:354.79,356.5 1 0
github.com/aerogear/mobile-cli/pkg/cmd/services.go:359.18,361.5 1 0
github.com/aerogear/mobile-cli/pkg/cmd/services.go:362.14,364.5 1 0
github.com/aerogear/mobile-cli/pkg/cmd/services.go:366.18,368.5 1 0
github.com/aerogear/mobile-cli/pkg/cmd/services.go:369.34,371.47 2 0
github.com/aerogear/mobile-cli/pkg/cmd/services.go:374.5,374.19 1 0
github.com/aerogear/mobile-cli/pkg/cmd/services.go:371.47,372.14 1 0
github.com/aerogear/mobile-cli/pkg/cmd/services.go:375.22,377.83 2 0
github.com/aerogear/mobile-cli/pkg/cmd/services.go:378.25,379.44 1 0
github.com/aerogear/mobile-cli/pkg/cmd/services.go:379.44,381.50 2 0
github.com/aerogear/mobile-cli/pkg/cmd/services.go:385.7,385.29 1 0
github.com/aerogear/mobile-cli/pkg/cmd/services.go:381.50,383.8 1 0
github.com/aerogear/mobile-cli/pkg/cmd/services.go:385.29,388.8 2 0
github.com/aerogear/mobile-cli/pkg/cmd/services.go:401.66,410.55 1 0
github.com/aerogear/mobile-cli/pkg/cmd/services.go:410.55,413.22 1 0
github.com/aerogear/mobile-cli/pkg/cmd/services.go:416.4,417.18 2 0
github.com/aerogear/mobile-cli/pkg/cmd/services.go:420.4,423.18 3 0
github.com/aerogear/mobile-cli/pkg/cmd/services.go:426.4,426.120 1 0
github.com/aerogear/mobile-cli/pkg/cmd/services.go:429.4,430.87 2 0
github.com/aerogear/mobile-cli/pkg/cmd/services.go:413.22,415.5 1 0
github.com/aerogear/mobile-cli/pkg/cmd/services.go:417.18,419.5 1 0
github.com/aerogear/mobile-cli/pkg/cmd/services.go:423.18,425.5 1 0
github.com/aerogear/mobile-cli/pkg/cmd/services.go:426.120,428.5 1 0
github.com/aerogear/mobile-cli/pkg/cmd/services.go:435.60,443.55 1 0
github.com/aerogear/mobile-cli/pkg/cmd/services.go:464.2,464.108 1 0
github.com/aerogear/mobile-cli/pkg/cmd/services.go:476.2,476.12 1 0
github.com/aerogear/mobile-cli/pkg/cmd/services.go:443.55,444.22 1 0
github.com/aerogear/mobile-cli/pkg/cmd/services.go:447.4,449.18 3 0
github.com/aerogear/mobile-cli/pkg/cmd/services.go:452.4,453.18 2 0
github.com/aerogear/mobile-cli/pkg/cmd/services.go:456.4,457.72 2 0
github.com/aerogear/mobile-cli/pkg/cmd/services.go:461.4,461.14 1 0
github.com/aerogear/mobile-cli/pkg/cmd/services.go:444.22,446.5 1 0
github.com/aerogear/mobile-cli/pkg/cmd/services.go:449.18,451.5 1 0
github.com/aerogear/mobile-cli/pkg/cmd/services.go:453.18,455.5 1 0
github.com/aerogear/mobile-cli/pkg/cmd/services.go:457.72,459.5 1 0
github.com/aerogear/mobile-cli/pkg/cmd/services.go:464.108,467.34 3 0
github.com/aerogear/mobile-cli/pkg/cmd/services.go:470.3,474.13 5 0
github.com/aerogear/mobile-cli/pkg/cmd/services.go:467.34,469.4 1 0
github.com/aerogear/mobile-cli/pkg/cmd/clientConfig.go:36.108,42.2 1 0
github.com/aerogear/mobile-cli/pkg/cmd/clientConfig.go:45.65,52.55 1 0
github.com/aerogear/mobile-cli/pkg/cmd/clientConfig.go:101.2,101.106 1 0
github.com/aerogear/mobile-cli/pkg/cmd/clientConfig.go:117.2,117.12 1 0
github.com/aerogear/mobile-cli/pkg/cmd/clientConfig.go:52.55,60.22 5 0
github.com/aerogear/mobile-cli/pkg/cmd/clientConfig.go:63.4,64.59 2 0
github.com/aerogear/mobile-cli/pkg/cmd/clientConfig.go:67.4,68.27 2 0
github.com/aerogear/mobile-cli/pkg/cmd/clientConfig.go:87.4,94.96 2 0
github.com/aerogear/mobile-cli/pkg/cmd/clientConfig.go:97.4,97.14 1 0
github.com/aerogear/mobile-cli/pkg/cmd/clientConfig.go:60.22,62.5 1 0
github.com/aerogear/mobile-cli/pkg/cmd/clientConfig.go:64.59,66.5 1 0
github.com/aerogear/mobile-cli/pkg/cmd/clientConfig.go:68.27,71.43 3 0
github.com/aerogear/mobile-cli/pkg/cmd/clientConfig.go:84.5,84.33 1 0
github.com/aerogear/mobile-cli/pkg/cmd/clientConfig.go:71.43,74.61 2 0
github.com/aerogear/mobile-cli/pkg/cmd/clientConfig.go:74.61,76.7 1 0
github.com/aerogear/mobile-cli/pkg/cmd/clientConfig.go:77.6,80.61 2 0
github.com/aerogear/mobile-cli/pkg/cmd/clientConfig.go:80.61,82.7 1 0
github.com/aerogear/mobile-cli/pkg/cmd/clientConfig.go:94.96,96.5 1 0
github.com/aerogear/mobile-cli/pkg/cmd/clientConfig.go:101.106,104.39 3 0
github.com/aerogear/mobile-cli/pkg/cmd/clientConfig.go:107.3,107.54 1 0
github.com/aerogear/mobile-cli/pkg/cmd/clientConfig.go:110.3,115.13 6 0
github.com/aerogear/mobile-cli/pkg/cmd/clientConfig.go:104.39,106.4 1 0
github.com/aerogear/mobile-cli/pkg/cmd/clientConfig.go:107.54,109.4 1 0
github.com/aerogear/mobile-cli/pkg/cmd/convert.go:23.41,25.2 1 0
github.com/aerogear/mobile-cli/pkg/cmd/convert.go:27.57,29.33 2 0
github.com/aerogear/mobile-cli/pkg/cmd/convert.go:34.2,45.3 2 0
github.com/aerogear/mobile-cli/pkg/cmd/convert.go:29.33,30.30 1 0
github.com/aerogear/mobile-cli/pkg/cmd/convert.go:30.30,32.4 1 0
github.com/aerogear/mobile-cli/pkg/cmd/convert.go:49.58,50.43 1 0
github.com/aerogear/mobile-cli/pkg/cmd/convert.go:53.2,53.40 1 0
github.com/aerogear/mobile-cli/pkg/cmd/convert.go:50.43,52.3 1 0
github.com/aerogear/mobile-cli/pkg/cmd/delete.go:21.39,25.55 1 0
github.com/aerogear/mobile-cli/pkg/cmd/delete.go:25.55,26.37 1 0
github.com/aerogear/mobile-cli/pkg/cmd/delete.go:29.4,29.14 1 0
github.com/aerogear/mobile-cli/pkg/cmd/delete.go:26.37,28.5 1 0
